<?xml version="1.0" encoding="UTF-8"?>
<!-- Generated by org.testng.reporters.JUnitReportReporter -->
<testsuite hostname="DESKTOP-MTBC2DO" failures="0" tests="5" name="com.qa.opencart.test.LoginPageTest" time="20.465" errors="0" timestamp="2022-11-25T06:39:02 IST" skipped="0">
  <testcase classname="com.qa.opencart.test.LoginPageTest" name="loginPageTitleTest" time="0.981"/>
  <system-out/>
  <testcase classname="com.qa.opencart.test.LoginPageTest" name="loginPageUrlTest" time="0.325"/>
  <system-out/>
  <testcase classname="com.qa.opencart.test.LoginPageTest" name="forgotPwdLinkTest" time="1.640"/>
  <system-out/>
  <testcase classname="com.qa.opencart.test.LoginPageTest" name="registerLinkTest" time="0.440"/>
  <system-out/>
  <testcase classname="com.qa.opencart.test.LoginPageTest" name="loginTest" time="17.079"/>
  <system-out/>
</testsuite> <!-- com.qa.opencart.test.LoginPageTest -->
