<?xml version="1.0" encoding="UTF-8"?>
<!-- Generated by org.testng.reporters.JUnitReportReporter -->
<testsuite hostname="DESKTOP-MTBC2DO" failures="0" tests="1" name="com.qa.opencart.test.RegistrationPageTest" time="96.016" errors="0" timestamp="2022-11-25T06:39:02 IST" skipped="0">
  <testcase classname="com.qa.opencart.test.RegistrationPageTest" name="userRegistrationTest" time="96.016"/>
  <system-out/>
</testsuite> <!-- com.qa.opencart.test.RegistrationPageTest -->
